# JRE version: Java(TM) SE Runtime Environment (9.0+11) (build 9.0.4+11)
# Java VM: Java HotSpot(TM) 64-Bit Server VM (9.0.4+11, mixed mode, tiered, compressed oops, serial gc, windows-amd64)
Heap:
 def new generation   total 9920K, used 8222K [0x00000000e0000000, 0x00000000e0ac0000, 0x00000000eaaa0000)
  eden space 8832K,  87% used [0x00000000e0000000, 0x00000000e07831c8, 0x00000000e08a0000)
  from space 1088K,  48% used [0x00000000e08a0000, 0x00000000e0924768, 0x00000000e09b0000)
  to   space 1088K,   0% used [0x00000000e09b0000, 0x00000000e09b0000, 0x00000000e0ac0000)
 tenured generation   total 21888K, used 15717K [0x00000000eaaa0000, 0x00000000ec000000, 0x0000000100000000)
   the space 21888K,  71% used [0x00000000eaaa0000, 0x00000000eb9f9640, 0x00000000eb9f9800, 0x00000000ec000000)
 Metaspace       used 21903K, capacity 23556K, committed 23680K, reserved 1069056K
  class space    used 2828K, capacity 3186K, committed 3200K, reserved 1048576K
GC Heap History (10 events):
Event: 38.953 GC heap before
{Heap before GC invocations=7 (full 1):
 def new generation   total 9920K, used 9487K [0x00000000e0000000, 0x00000000e0ac0000, 0x00000000eaaa0000)
  eden space 8832K,  99% used [0x00000000e0000000, 0x00000000e0893a58, 0x00000000e08a0000)
  from space 1088K,  64% used [0x00000000e09b0000, 0x00000000e0a60520, 0x00000000e0ac0000)
  to   space 1088K,   0% used [0x00000000e08a0000, 0x00000000e08a0000, 0x00000000e09b0000)
 tenured generation   total 21888K, used 12210K [0x00000000eaaa0000, 0x00000000ec000000, 0x0000000100000000)
   the space 21888K,  55% used [0x00000000eaaa0000, 0x00000000eb68cae8, 0x00000000eb68cc00, 0x00000000ec000000)
 Metaspace       used 21635K, capacity 23348K, committed 23424K, reserved 1069056K
  class space    used 2824K, capacity 3184K, committed 3200K, reserved 1048576K
}
Event: 38.955 GC heap after
{Heap after GC invocations=8 (full 1):
 def new generation   total 9920K, used 529K [0x00000000e0000000, 0x00000000e0ac0000, 0x00000000eaaa0000)
  eden space 8832K,   0% used [0x00000000e0000000, 0x00000000e0000000, 0x00000000e08a0000)
  from space 1088K,  48% used [0x00000000e08a0000, 0x00000000e09244e8, 0x00000000e09b0000)
  to   space 1088K,   0% used [0x00000000e09b0000, 0x00000000e09b0000, 0x00000000e0ac0000)
 tenured generation   total 21888K, used 12912K [0x00000000eaaa0000, 0x00000000ec000000, 0x0000000100000000)
   the space 21888K,  58% used [0x00000000eaaa0000, 0x00000000eb73c290, 0x00000000eb73c400, 0x00000000ec000000)
 Metaspace       used 21635K, capacity 23348K, committed 23424K, reserved 1069056K
  class space    used 2824K, capacity 3184K, committed 3200K, reserved 1048576K
}
Event: 39.112 GC heap before
{Heap before GC invocations=8 (full 1):
 def new generation   total 9920K, used 9343K [0x00000000e0000000, 0x00000000e0ac0000, 0x00000000eaaa0000)
  eden space 8832K,  99% used [0x00000000e0000000, 0x00000000e089ba68, 0x00000000e08a0000)
  from space 1088K,  48% used [0x00000000e08a0000, 0x00000000e09244e8, 0x00000000e09b0000)
  to   space 1088K,   0% used [0x00000000e09b0000, 0x00000000e09b0000, 0x00000000e0ac0000)
 tenured generation   total 21888K, used 12912K [0x00000000eaaa0000, 0x00000000ec000000, 0x0000000100000000)
   the space 21888K,  58% used [0x00000000eaaa0000, 0x00000000eb73c290, 0x00000000eb73c400, 0x00000000ec000000)
 Metaspace       used 21655K, capacity 23354K, committed 23424K, reserved 1069056K
  class space    used 2825K, capacity 3185K, committed 3200K, reserved 1048576K
}
Event: 39.114 GC heap after
{Heap after GC invocations=9 (full 1):
 def new generation   total 9920K, used 707K [0x00000000e0000000, 0x00000000e0ac0000, 0x00000000eaaa0000)
  eden space 8832K,   0% used [0x00000000e0000000, 0x00000000e0000000, 0x00000000e08a0000)
  from space 1088K,  65% used [0x00000000e09b0000, 0x00000000e0a60cd0, 0x00000000e0ac0000)
  to   space 1088K,   0% used [0x00000000e08a0000, 0x00000000e08a0000, 0x00000000e09b0000)
 tenured generation   total 21888K, used 13612K [0x00000000eaaa0000, 0x00000000ec000000, 0x0000000100000000)
   the space 21888K,  62% used [0x00000000eaaa0000, 0x00000000eb7eb2a0, 0x00000000eb7eb400, 0x00000000ec000000)
 Metaspace       used 21655K, capacity 23354K, committed 23424K, reserved 1069056K
  class space    used 2825K, capacity 3185K, committed 3200K, reserved 1048576K
}
Event: 39.186 GC heap before
{Heap before GC invocations=9 (full 1):
 def new generation   total 9920K, used 9497K [0x00000000e0000000, 0x00000000e0ac0000, 0x00000000eaaa0000)
  eden space 8832K,  99% used [0x00000000e0000000, 0x00000000e0895a38, 0x00000000e08a0000)
  from space 1088K,  65% used [0x00000000e09b0000, 0x00000000e0a60cd0, 0x00000000e0ac0000)
  to   space 1088K,   0% used [0x00000000e08a0000, 0x00000000e08a0000, 0x00000000e09b0000)
 tenured generation   total 21888K, used 13612K [0x00000000eaaa0000, 0x00000000ec000000, 0x0000000100000000)
   the space 21888K,  62% used [0x00000000eaaa0000, 0x00000000eb7eb2a0, 0x00000000eb7eb400, 0x00000000ec000000)
 Metaspace       used 21674K, capacity 23354K, committed 23424K, reserved 1069056K
  class space    used 2825K, capacity 3185K, committed 3200K, reserved 1048576K
}
Event: 39.188 GC heap after
{Heap after GC invocations=10 (full 1):
 def new generation   total 9920K, used 529K [0x00000000e0000000, 0x00000000e0ac0000, 0x00000000eaaa0000)
  eden space 8832K,   0% used [0x00000000e0000000, 0x00000000e0000000, 0x00000000e08a0000)
  from space 1088K,  48% used [0x00000000e08a0000, 0x00000000e0924490, 0x00000000e09b0000)
  to   space 1088K,   0% used [0x00000000e09b0000, 0x00000000e09b0000, 0x00000000e0ac0000)
 tenured generation   total 21888K, used 14315K [0x00000000eaaa0000, 0x00000000ec000000, 0x0000000100000000)
   the space 21888K,  65% used [0x00000000eaaa0000, 0x00000000eb89aef8, 0x00000000eb89b000, 0x00000000ec000000)
 Metaspace       used 21674K, capacity 23354K, committed 23424K, reserved 1069056K
  class space    used 2825K, capacity 3185K, committed 3200K, reserved 1048576K
}
Event: 39.286 GC heap before
{Heap before GC invocations=10 (full 1):
 def new generation   total 9920K, used 9295K [0x00000000e0000000, 0x00000000e0ac0000, 0x00000000eaaa0000)
  eden space 8832K,  99% used [0x00000000e0000000, 0x00000000e088fae8, 0x00000000e08a0000)
  from space 1088K,  48% used [0x00000000e08a0000, 0x00000000e0924490, 0x00000000e09b0000)
  to   space 1088K,   0% used [0x00000000e09b0000, 0x00000000e09b0000, 0x00000000e0ac0000)
 tenured generation   total 21888K, used 14315K [0x00000000eaaa0000, 0x00000000ec000000, 0x0000000100000000)
   the space 21888K,  65% used [0x00000000eaaa0000, 0x00000000eb89aef8, 0x00000000eb89b000, 0x00000000ec000000)
 Metaspace       used 21680K, capacity 23354K, committed 23424K, reserved 1069056K
  class space    used 2825K, capacity 3185K, committed 3200K, reserved 1048576K
}
Event: 39.288 GC heap after
{Heap after GC invocations=11 (full 1):
 def new generation   total 9920K, used 705K [0x00000000e0000000, 0x00000000e0ac0000, 0x00000000eaaa0000)
  eden space 8832K,   0% used [0x00000000e0000000, 0x00000000e0000000, 0x00000000e08a0000)
  from space 1088K,  64% used [0x00000000e09b0000, 0x00000000e0a60748, 0x00000000e0ac0000)
  to   space 1088K,   0% used [0x00000000e08a0000, 0x00000000e08a0000, 0x00000000e09b0000)
 tenured generation   total 21888K, used 15015K [0x00000000eaaa0000, 0x00000000ec000000, 0x0000000100000000)
   the space 21888K,  68% used [0x00000000eaaa0000, 0x00000000eb949f08, 0x00000000eb94a000, 0x00000000ec000000)
 Metaspace       used 21680K, capacity 23354K, committed 23424K, reserved 1069056K
  class space    used 2825K, capacity 3185K, committed 3200K, reserved 1048576K
}
Event: 39.431 GC heap before
{Heap before GC invocations=11 (full 1):
 def new generation   total 9920K, used 9484K [0x00000000e0000000, 0x00000000e0ac0000, 0x00000000eaaa0000)
  eden space 8832K,  99% used [0x00000000e0000000, 0x00000000e08928d8, 0x00000000e08a0000)
  from space 1088K,  64% used [0x00000000e09b0000, 0x00000000e0a60748, 0x00000000e0ac0000)
  to   space 1088K,   0% used [0x00000000e08a0000, 0x00000000e08a0000, 0x00000000e09b0000)
 tenured generation   total 21888K, used 15015K [0x00000000eaaa0000, 0x00000000ec000000, 0x0000000100000000)
   the space 21888K,  68% used [0x00000000eaaa0000, 0x00000000eb949f08, 0x00000000eb94a000, 0x00000000ec000000)
 Metaspace       used 21693K, capacity 23358K, committed 23424K, reserved 1069056K
  class space    used 2825K, capacity 3185K, committed 3200K, reserved 1048576K
}
Event: 39.432 GC heap after
{Heap after GC invocations=12 (full 1):
 def new generation   total 9920K, used 529K [0x00000000e0000000, 0x00000000e0ac0000, 0x00000000eaaa0000)
  eden space 8832K,   0% used [0x00000000e0000000, 0x00000000e0000000, 0x00000000e08a0000)
  from space 1088K,  48% used [0x00000000e08a0000, 0x00000000e0924768, 0x00000000e09b0000)
  to   space 1088K,   0% used [0x00000000e09b0000, 0x00000000e09b0000, 0x00000000e0ac0000)
 tenured generation   total 21888K, used 15717K [0x00000000eaaa0000, 0x00000000ec000000, 0x0000000100000000)
   the space 21888K,  71% used [0x00000000eaaa0000, 0x00000000eb9f9640, 0x00000000eb9f9800, 0x00000000ec000000)
 Metaspace       used 21693K, capacity 23358K, committed 23424K, reserved 1069056K
  class space    used 2825K, capacity 3185K, committed 3200K, reserved 1048576K
}

